<?xml version="1.0" encoding="UTF-8"?>
<testng-results skipped="0" failed="0" ignored="0" total="0" passed="0">
  <reporter-output>
  </reporter-output>
  <suite name="All Test Suite" duration-ms="696" started-at="2020-10-13T14:19:22 IST" finished-at="2020-10-13T14:19:22 IST">
    <groups>
      <group name="cucumber">
        <method signature="AbstractTestNGCucumberTests.runScenario(io.cucumber.testng.PickleWrapper, io.cucumber.testng.FeatureWrapper)[pri:0, instance:Runners.TestRunner@2d9d4f9d]" name="runScenario" class="io.cucumber.testng.AbstractTestNGCucumberTests"/>
      </group> <!-- cucumber -->
    </groups>
    <test name="Mahesh" duration-ms="696" started-at="2020-10-13T14:19:22 IST" finished-at="2020-10-13T14:19:22 IST">
      <class name="Runners.TestRunner">
        <test-method status="PASS" signature="setUpClass()[pri:0, instance:Runners.TestRunner@2d9d4f9d]" name="setUpClass" is-config="true" duration-ms="584" started-at="2020-10-13T14:19:22 IST" finished-at="2020-10-13T14:19:22 IST">
          <reporter-output>
          </reporter-output>
        </test-method> <!-- setUpClass -->
        <test-method status="PASS" signature="tearDownClass()[pri:0, instance:Runners.TestRunner@2d9d4f9d]" name="tearDownClass" is-config="true" duration-ms="72" started-at="2020-10-13T14:19:22 IST" finished-at="2020-10-13T14:19:22 IST">
          <reporter-output>
          </reporter-output>
        </test-method> <!-- tearDownClass -->
      </class> <!-- Runners.TestRunner -->
    </test> <!-- Mahesh -->
  </suite> <!-- All Test Suite -->
</testng-results>
